<?xml version="1.0" encoding="UTF-8"?>
<coverage generated="1740671358828" clover="3.2.0">
  <project timestamp="1740671358829" name="All files">
    <metrics statements="9" coveredstatements="9" conditionals="5" coveredconditionals="5" methods="5" coveredmethods="5" elements="19" coveredelements="19" complexity="0" loc="9" ncloc="9" packages="2" files="2" classes="2"/>
    <package name="data">
      <metrics statements="7" coveredstatements="7" conditionals="5" coveredconditionals="5" methods="3" coveredmethods="3"/>
      <file name="articlesStore.js" path="C:\_CODING\Projets Personnels\009 blog-web-app-v2\src\data\articlesStore.js">
        <metrics statements="7" coveredstatements="7" conditionals="5" coveredconditionals="5" methods="3" coveredmethods="3"/>
        <line num="2" count="2" type="stmt"/>
        <line num="27" count="2" type="stmt"/>
        <line num="31" count="20" type="stmt"/>
        <line num="32" count="20" type="cond" truecount="2" falsecount="0"/>
        <line num="33" count="20" type="stmt"/>
        <line num="38" count="5" type="cond" truecount="2" falsecount="0"/>
        <line num="39" count="15" type="stmt"/>
      </file>
    </package>
    <package name="services">
      <metrics statements="2" coveredstatements="2" conditionals="0" coveredconditionals="0" methods="2" coveredmethods="2"/>
      <file name="articleService.js" path="C:\_CODING\Projets Personnels\009 blog-web-app-v2\src\services\articleService.js">
        <metrics statements="2" coveredstatements="2" conditionals="0" coveredconditionals="0" methods="2" coveredmethods="2"/>
        <line num="4" count="3" type="stmt"/>
        <line num="5" count="6" type="stmt"/>
      </file>
    </package>
  </project>
</coverage>
