{"C:\\_CODING\\Projets Personnels\\009 blog-web-app-v2\\src\\data\\articlesStore.js": {"path":"C:\\_CODING\\Projets Personnels\\009 blog-web-app-v2\\src\\data\\articlesStore.js","statementMap":{"0":{"start":{"line":2,"column":25},"end":{"line":24,"column":1}},"1":{"start":{"line":27,"column":22},"end":{"line":27,"column":43}},"2":{"start":{"line":31,"column":4},"end":{"line":31,"column":37}},"3":{"start":{"line":32,"column":4},"end":{"line":32,"column":64}},"4":{"start":{"line":32,"column":17},"end":{"line":32,"column":64}},"5":{"start":{"line":33,"column":4},"end":{"line":33,"column":20}},"6":{"start":{"line":38,"column":4},"end":{"line":38,"column":40}},"7":{"start":{"line":38,"column":31},"end":{"line":38,"column":40}},"8":{"start":{"line":39,"column":4},"end":{"line":39,"column":64}},"9":{"start":{"line":39,"column":47},"end":{"line":39,"column":57}}},"fnMap":{"0":{"name":"resetArticles","decl":{"start":{"line":30,"column":16},"end":{"line":30,"column":29}},"loc":{"start":{"line":30,"column":46},"end":{"line":34,"column":1}},"line":30},"1":{"name":"getNextId","decl":{"start":{"line":37,"column":16},"end":{"line":37,"column":25}},"loc":{"start":{"line":37,"column":28},"end":{"line":40,"column":1}},"line":37},"2":{"name":"(anonymous_2)","decl":{"start":{"line":39,"column":36},"end":{"line":39,"column":37}},"loc":{"start":{"line":39,"column":47},"end":{"line":39,"column":57}},"line":39}},"branchMap":{"0":{"loc":{"start":{"line":30,"column":30},"end":{"line":30,"column":44}},"type":"default-arg","locations":[{"start":{"line":30,"column":39},"end":{"line":30,"column":44}}],"line":30},"1":{"loc":{"start":{"line":32,"column":4},"end":{"line":32,"column":64}},"type":"if","locations":[{"start":{"line":32,"column":4},"end":{"line":32,"column":64}},{"start":{},"end":{}}],"line":32},"2":{"loc":{"start":{"line":38,"column":4},"end":{"line":38,"column":40}},"type":"if","locations":[{"start":{"line":38,"column":4},"end":{"line":38,"column":40}},{"start":{},"end":{}}],"line":38}},"s":{"0":2,"1":2,"2":20,"3":20,"4":2,"5":20,"6":5,"7":1,"8":4,"9":15},"f":{"0":20,"1":5,"2":15},"b":{"0":[1],"1":[2,18],"2":[1,4]},"inputSourceMap":null,"_coverageSchema":"1a1c01bbd47fc00a2c39e90264f33305004495a9","hash":"cbe3c83c43db81f64353fe8c876929987dc1a647"}
,"C:\\_CODING\\Projets Personnels\\009 blog-web-app-v2\\src\\services\\articleService.js": {"path":"C:\\_CODING\\Projets Personnels\\009 blog-web-app-v2\\src\\services\\articleService.js","statementMap":{"0":{"start":{"line":4,"column":22},"end":{"line":4,"column":32}},"1":{"start":{"line":5,"column":4},"end":{"line":5,"column":68}},"2":{"start":{"line":5,"column":42},"end":{"line":5,"column":66}}},"fnMap":{"0":{"name":"getArticleById","decl":{"start":{"line":3,"column":16},"end":{"line":3,"column":30}},"loc":{"start":{"line":3,"column":35},"end":{"line":6,"column":1}},"line":3},"1":{"name":"(anonymous_1)","decl":{"start":{"line":5,"column":31},"end":{"line":5,"column":32}},"loc":{"start":{"line":5,"column":42},"end":{"line":5,"column":66}},"line":5}},"branchMap":{},"s":{"0":3,"1":3,"2":6},"f":{"0":3,"1":6},"b":{},"inputSourceMap":null,"_coverageSchema":"1a1c01bbd47fc00a2c39e90264f33305004495a9","hash":"3902f4b16fe4437ea64ef1d3b01feb5e5348b9b6"}
}
