TN:
SF:src\data\articlesStore.js
FN:30,resetArticles
FN:37,getNextId
FN:39,(anonymous_2)
FNF:3
FNH:3
FNDA:20,resetArticles
FNDA:5,getNextId
FNDA:15,(anonymous_2)
DA:2,2
DA:27,2
DA:31,20
DA:32,20
DA:33,20
DA:38,5
DA:39,15
LF:7
LH:7
BRDA:30,0,0,1
BRDA:32,1,0,2
BRDA:32,1,1,18
BRDA:38,2,0,1
BRDA:38,2,1,4
BRF:5
BRH:5
end_of_record
TN:
SF:src\services\articleService.js
FN:3,getArticleById
FN:5,(anonymous_1)
FNF:2
FNH:2
FNDA:3,getArticleById
FNDA:6,(anonymous_1)
DA:4,3
DA:5,6
LF:2
LH:2
BRF:0
BRH:0
end_of_record
